<?xml version="1.0" encoding="UTF-8"?>
<testsuite name="HospitalParserTest" tests="1" skipped="0" failures="0" errors="0" timestamp="2022-10-13T07:28:57" hostname="DESKTOP-2JTKRIK" time="0.051">
  <properties/>
  <testcase name="파싱 확인" classname="HospitalParserTest" time="0.051"/>
  <system-out><![CDATA[]]></system-out>
  <system-err><![CDATA[]]></system-err>
</testsuite>
